Start time: 14:49:07 on Nov 22,2019
vcover merge code_coverage/pdm_cov.ucdb code_coverage/testbench_bnd_plse_coincidence.ucdb code_coverage/testbench_buffer_overflow.ucdb code_coverage/testbench_max_payload.ucdb code_coverage/testbench_min_payload.ucdb code_coverage/testbench_reset.ucdb code_coverage/testbench_sanity_check.ucdb 
Merging file code_coverage/testbench_bnd_plse_coincidence.ucdb
Merging file code_coverage/testbench_buffer_overflow.ucdb
** Warning: (vcover-6820) Source code mismatch detected while merging ucdb file code_coverage/testbench_buffer_overflow.ucdb, skipping code coverage merge for design unit work.testbench defined in file testbench/phase9_testcases/testbench_buffer_overflow.sv, line 4
** Warning: (vcover-6820) Source code mismatch detected while merging ucdb file code_coverage/testbench_buffer_overflow.ucdb, skipping code coverage merge for instance /tbench_top/test defined in file testbench/phase1_top/tbench_top.sv, line 43
Merging file code_coverage/testbench_max_payload.ucdb
** Warning: (vcover-6820) Source code mismatch detected while merging ucdb file code_coverage/testbench_max_payload.ucdb, skipping code coverage merge for design unit work.testbench defined in file testbench/phase9_testcases/testbench_max_payload.sv, line 4
** Warning: (vcover-6820) Source code mismatch detected while merging ucdb file code_coverage/testbench_max_payload.ucdb, skipping code coverage merge for instance /tbench_top/test defined in file testbench/phase1_top/tbench_top.sv, line 43
Merging file code_coverage/testbench_min_payload.ucdb
** Warning: (vcover-6820) Source code mismatch detected while merging ucdb file code_coverage/testbench_min_payload.ucdb, skipping code coverage merge for design unit work.testbench defined in file testbench/phase9_testcases/testbench_min_payload.sv, line 4
** Warning: (vcover-6820) Source code mismatch detected while merging ucdb file code_coverage/testbench_min_payload.ucdb, skipping code coverage merge for instance /tbench_top/test defined in file testbench/phase1_top/tbench_top.sv, line 43
Merging file code_coverage/testbench_reset.ucdb
** Warning: (vcover-6820) Source code mismatch detected while merging ucdb file code_coverage/testbench_reset.ucdb, skipping code coverage merge for design unit work.testbench defined in file testbench/phase9_testcases/testbench_reset.sv, line 5
** Warning: (vcover-6820) Source code mismatch detected while merging ucdb file code_coverage/testbench_reset.ucdb, skipping code coverage merge for instance /tbench_top/test defined in file testbench/phase1_top/tbench_top.sv, line 43
Merging file code_coverage/testbench_sanity_check.ucdb
** Warning: (vcover-6820) Source code mismatch detected while merging ucdb file code_coverage/testbench_sanity_check.ucdb, skipping code coverage merge for design unit work.testbench defined in file testbench/phase9_testcases/testbench_sanity_check.sv, line 3
** Warning: (vcover-6820) Source code mismatch detected while merging ucdb file code_coverage/testbench_sanity_check.ucdb, skipping code coverage merge for instance /tbench_top/test defined in file testbench/phase1_top/tbench_top.sv, line 43
Writing merged result to code_coverage/pdm_cov.ucdb

End time: 14:49:07 on Nov 22,2019
, Elapsed time: 0: 0: 0
Errors: 0, Warnings: 0
